Start testing: Mar 22 14:25 CST
----------------------------------------------------------
1/5 Testing: qa_recv_bit
1/5 Test: qa_recv_bit
Command: "/bin/sh" "/home/huangxf/graduation-project/module/gr-PHY/build/python/qa_recv_bit_test.sh"
Directory: /home/huangxf/graduation-project/module/gr-PHY/build/python
"qa_recv_bit" start time: Mar 22 14:25 CST
Output:
----------------------------------------------------------
..
----------------------------------------------------------------------
Ran 2 tests in 0.004s

OK
<end of output>
Test time =   0.20 sec
----------------------------------------------------------
Test Passed.
"qa_recv_bit" end time: Mar 22 14:25 CST
"qa_recv_bit" time elapsed: 00:00:00
----------------------------------------------------------

2/5 Testing: qa_conv_encode
2/5 Test: qa_conv_encode
Command: "/bin/sh" "/home/huangxf/graduation-project/module/gr-PHY/build/python/qa_conv_encode_test.sh"
Directory: /home/huangxf/graduation-project/module/gr-PHY/build/python
"qa_conv_encode" start time: Mar 22 14:25 CST
Output:
----------------------------------------------------------
..
----------------------------------------------------------------------
Ran 2 tests in 0.003s

OK
<end of output>
Test time =   0.15 sec
----------------------------------------------------------
Test Passed.
"qa_conv_encode" end time: Mar 22 14:25 CST
"qa_conv_encode" time elapsed: 00:00:00
----------------------------------------------------------

3/5 Testing: qa_conv_decode
3/5 Test: qa_conv_decode
Command: "/bin/sh" "/home/huangxf/graduation-project/module/gr-PHY/build/python/qa_conv_decode_test.sh"
Directory: /home/huangxf/graduation-project/module/gr-PHY/build/python
"qa_conv_decode" start time: Mar 22 14:25 CST
Output:
----------------------------------------------------------
..
----------------------------------------------------------------------
Ran 2 tests in 0.007s

OK
<end of output>
Test time =   0.19 sec
----------------------------------------------------------
Test Passed.
"qa_conv_decode" end time: Mar 22 14:25 CST
"qa_conv_decode" time elapsed: 00:00:00
----------------------------------------------------------

4/5 Testing: qa_wave_to_bit
4/5 Test: qa_wave_to_bit
Command: "/bin/sh" "/home/huangxf/graduation-project/module/gr-PHY/build/python/qa_wave_to_bit_test.sh"
Directory: /home/huangxf/graduation-project/module/gr-PHY/build/python
"qa_wave_to_bit" start time: Mar 22 14:25 CST
Output:
----------------------------------------------------------
..
----------------------------------------------------------------------
Ran 2 tests in 0.002s

OK
<end of output>
Test time =   0.15 sec
----------------------------------------------------------
Test Passed.
"qa_wave_to_bit" end time: Mar 22 14:25 CST
"qa_wave_to_bit" time elapsed: 00:00:00
----------------------------------------------------------

5/5 Testing: qa_find_preamble
5/5 Test: qa_find_preamble
Command: "/bin/sh" "/home/huangxf/graduation-project/module/gr-PHY/build/python/qa_find_preamble_test.sh"
Directory: /home/huangxf/graduation-project/module/gr-PHY/build/python
"qa_find_preamble" start time: Mar 22 14:25 CST
Output:
----------------------------------------------------------
..
----------------------------------------------------------------------
Ran 2 tests in 0.002s

OK
<end of output>
Test time =   0.18 sec
----------------------------------------------------------
Test Passed.
"qa_find_preamble" end time: Mar 22 14:25 CST
"qa_find_preamble" time elapsed: 00:00:00
----------------------------------------------------------

End testing: Mar 22 14:25 CST
