Start testing: Jan 05 11:36 CST
----------------------------------------------------------
1/3 Testing: qa_round_py_fb
1/3 Test: qa_round_py_fb
Command: "/bin/sh" "/home/huangxf/test/gr-round/build/python/qa_round_py_fb_test.sh"
Directory: /home/huangxf/test/gr-round/build/python
"qa_round_py_fb" start time: Jan 05 11:36 CST
Output:
----------------------------------------------------------
..
----------------------------------------------------------------------
Ran 2 tests in 0.342s

OK
(16383,)
(8192,)
(8191,)
(8192,)
(8191,)
(8192,)
(8191,)
(8192,)
(8191,)
(8192,)
(8191,)
(1702,)
(16383,)
(16383,)
(8192,)
(8191,)
(8192,)
(8191,)
(8192,)
(8191,)
(8192,)
(8191,)
(1702,)
<end of output>
Test time =   0.88 sec
----------------------------------------------------------
Test Passed.
"qa_round_py_fb" end time: Jan 05 11:36 CST
"qa_round_py_fb" time elapsed: 00:00:00
----------------------------------------------------------

2/3 Testing: qa_deci
2/3 Test: qa_deci
Command: "/bin/sh" "/home/huangxf/test/gr-round/build/python/qa_deci_test.sh"
Directory: /home/huangxf/test/gr-round/build/python
"qa_deci" start time: Jan 05 11:36 CST
Output:
----------------------------------------------------------
..
----------------------------------------------------------------------
Ran 2 tests in 0.003s

OK
8000
2000
8000
2000
<end of output>
Test time =   0.18 sec
----------------------------------------------------------
Test Passed.
"qa_deci" end time: Jan 05 11:36 CST
"qa_deci" time elapsed: 00:00:00
----------------------------------------------------------

3/3 Testing: qa_OOKrecv
3/3 Test: qa_OOKrecv
Command: "/bin/sh" "/home/huangxf/test/gr-round/build/python/qa_OOKrecv_test.sh"
Directory: /home/huangxf/test/gr-round/build/python
"qa_OOKrecv" start time: Jan 05 11:36 CST
Output:
----------------------------------------------------------
..
----------------------------------------------------------------------
Ran 2 tests in 0.002s

OK
<end of output>
Test time =   0.14 sec
----------------------------------------------------------
Test Passed.
"qa_OOKrecv" end time: Jan 05 11:36 CST
"qa_OOKrecv" time elapsed: 00:00:00
----------------------------------------------------------

End testing: Jan 05 11:36 CST
